app/build/intermediates/manifest_merge_blame_file/debug/processDebugMainManifest/manifest-merger-blame-debug-report.txt
1<?xml version="1.0" encoding="utf-8"?>
2<manifest xmlns:android="http://schemas.android.com/apk/res/android"
3    package="com.samp.online"
4    android:versionCode="4"
5    android:versionName="1.2.0" >
6
7    <uses-sdk
8        android:minSdkVersion="21"
9        android:targetSdkVersion="28" />
10
11    <uses-permission android:name="android.permission.WAKE_LOCK" />
11-->src\main\AndroidManifest.xml:5:5-67
11-->src\main\AndroidManifest.xml:5:22-65
12    <uses-permission android:name="android.permission.ACCESS_WIFI_STATE" />
12-->src\main\AndroidManifest.xml:6:5-75
12-->src\main\AndroidManifest.xml:6:22-73
13    <uses-permission android:name="android.permission.ACCESS_COARSE_LOCATION" />
13-->src\main\AndroidManifest.xml:7:5-80
13-->src\main\AndroidManifest.xml:7:22-78
14    <uses-permission android:name="android.permission.WRITE_EXTERNAL_STORAGE" />
14-->src\main\AndroidManifest.xml:8:5-80
14-->src\main\AndroidManifest.xml:8:22-78
15    <!-- <uses-permission android:name="android.permission.WRITE_INTERNAL_STORAGE"/> -->
16    <uses-permission android:name="android.permission.READ_EXTERNAL_STORAGE" />
16-->src\main\AndroidManifest.xml:10:5-79
16-->src\main\AndroidManifest.xml:10:22-77
17    <uses-permission android:name="android.permission.INTERNET" />
17-->src\main\AndroidManifest.xml:11:5-66
17-->src\main\AndroidManifest.xml:11:22-64
18    <uses-permission android:name="android.permission.REQUEST_INSTALL_PACKAGES" />
18-->src\main\AndroidManifest.xml:12:5-82
18-->src\main\AndroidManifest.xml:12:22-80
19    <uses-permission android:name="android.permission.REQUEST_DELETE_PACKAGES" />
19-->src\main\AndroidManifest.xml:13:5-81
19-->src\main\AndroidManifest.xml:13:22-79
20    <uses-permission android:name="android.permission.FOREGROUND_SERVICE" />
20-->src\main\AndroidManifest.xml:14:5-76
20-->src\main\AndroidManifest.xml:14:22-74
21    <uses-permission android:name="android.permission.VIBRATE" />
21-->src\main\AndroidManifest.xml:15:5-65
21-->src\main\AndroidManifest.xml:15:22-63
22    <uses-permission android:name="com.android.vending.BILLING" />
22-->src\main\AndroidManifest.xml:16:5-66
22-->src\main\AndroidManifest.xml:16:22-64
23    <uses-permission android:name="android.permission.ACCESS_NETWORK_STATE" />
23-->src\main\AndroidManifest.xml:17:5-78
23-->src\main\AndroidManifest.xml:17:22-76
24    <uses-permission android:name="com.android.vending.CHECK_LICENSE" />
24-->src\main\AndroidManifest.xml:18:5-72
24-->src\main\AndroidManifest.xml:18:22-70
25    <uses-permission android:name="android.permission.GET_ACCOUNTS" />
25-->src\main\AndroidManifest.xml:19:5-70
25-->src\main\AndroidManifest.xml:19:22-68
26    <uses-permission android:name="android.permission.BLUETOOTH" />
26-->src\main\AndroidManifest.xml:20:5-67
26-->src\main\AndroidManifest.xml:20:22-65
27    <uses-permission android:name="android.permission.RECORD_AUDIO" />
27-->src\main\AndroidManifest.xml:21:5-70
27-->src\main\AndroidManifest.xml:21:22-68
28    <uses-permission android:name="android.permission.USE_FINGERPRINT" />
28-->src\main\AndroidManifest.xml:22:5-73
28-->src\main\AndroidManifest.xml:22:22-71
29    <uses-permission android:name="com.samsung.android.providers.context.permission.WRITE_USE_APP_FEATURE_SURVEY" />
29-->src\main\AndroidManifest.xml:23:5-116
29-->src\main\AndroidManifest.xml:23:22-114
30    <uses-permission android:name="com.google.android.c2dm.permission.RECEIVE" />
30-->src\main\AndroidManifest.xml:24:5-81
30-->src\main\AndroidManifest.xml:24:22-79
31    <uses-permission android:name="com.google.android.finsky.permission.BIND_GET_INSTALL_REFERRER_SERVICE" />
31-->src\main\AndroidManifest.xml:25:5-109
31-->src\main\AndroidManifest.xml:25:22-107
32    <uses-permission android:name="android.permission.RECEIVE_BOOT_COMPLETED" />
32-->src\main\AndroidManifest.xml:26:5-80
32-->src\main\AndroidManifest.xml:26:22-78
33
34    <uses-feature
34-->src\main\AndroidManifest.xml:27:5-77
35        android:glEsVersion="0x00020000"
35-->src\main\AndroidManifest.xml:27:19-51
36        android:required="true" />
36-->src\main\AndroidManifest.xml:27:52-75
37    <uses-feature
37-->src\main\AndroidManifest.xml:28:5-89
38        android:name="android.hardware.touchscreen"
38-->src\main\AndroidManifest.xml:28:19-62
39        android:required="false" />
39-->src\main\AndroidManifest.xml:28:63-87
40
41    <uses-permission android:name="android.permission.POST_NOTIFICATIONS" /> <!-- To obtain Google Advertising Identifier on Android 12 and higher -->
41-->[com.google.firebase:firebase-messaging:23.3.1] AndroidManifest.xml:23:5-77
41-->[com.google.firebase:firebase-messaging:23.3.1] AndroidManifest.xml:23:22-74
42    <uses-permission android:name="com.google.android.gms.permission.AD_ID" />
42-->[com.yandex.android:mobmetricalib:5.0.0] AndroidManifest.xml:23:5-79
42-->[com.yandex.android:mobmetricalib:5.0.0] AndroidManifest.xml:23:22-76
43
44    <permission
44-->[androidx.core:core:1.9.0] AndroidManifest.xml:22:5-24:47
45        android:name="com.samp.online.DYNAMIC_RECEIVER_NOT_EXPORTED_PERMISSION"
45-->[androidx.core:core:1.9.0] AndroidManifest.xml:23:9-81
46        android:protectionLevel="signature" />
46-->[androidx.core:core:1.9.0] AndroidManifest.xml:24:9-44
47
48    <uses-permission android:name="com.samp.online.DYNAMIC_RECEIVER_NOT_EXPORTED_PERMISSION" />
48-->[androidx.core:core:1.9.0] AndroidManifest.xml:26:5-97
48-->[androidx.core:core:1.9.0] AndroidManifest.xml:26:22-94
49
50    <application
50-->src\main\AndroidManifest.xml:29:5-65:19
51        android:name="com.samp.online.App"
51-->src\main\AndroidManifest.xml:31:9-28
52        android:allowBackup="true"
52-->src\main\AndroidManifest.xml:36:9-35
53        android:appComponentFactory="androidx.core.app.CoreComponentFactory"
53-->[androidx.core:core:1.9.0] AndroidManifest.xml:28:18-86
54        android:debuggable="true"
55        android:extractNativeLibs="true"
56        android:hardwareAccelerated="true"
56-->src\main\AndroidManifest.xml:42:9-43
57        android:icon="@drawable/sarp_logo"
57-->src\main\AndroidManifest.xml:32:9-43
58        android:isGame="true"
58-->src\main\AndroidManifest.xml:35:9-30
59        android:label="@string/app_name"
59-->src\main\AndroidManifest.xml:34:9-41
60        android:largeHeap="true"
60-->src\main\AndroidManifest.xml:37:9-33
61        android:requestLegacyExternalStorage="true"
61-->src\main\AndroidManifest.xml:40:9-52
62        android:roundIcon="@drawable/sarp_logo"
62-->src\main\AndroidManifest.xml:33:6-45
63        android:screenOrientation="landscape"
63-->src\main\AndroidManifest.xml:41:9-46
64        android:supportsRtl="true"
64-->src\main\AndroidManifest.xml:38:9-35
65        android:theme="@style/Theme.AppCompat.Light.NoActionBar.FullScreen"
65-->src\main\AndroidManifest.xml:43:9-76
66        android:usesCleartextTraffic="true" >
66-->src\main\AndroidManifest.xml:39:9-44
67        <provider
67-->src\main\AndroidManifest.xml:45:9-47:20
68            android:name="androidx.core.content.FileProvider"
68-->src\main\AndroidManifest.xml:45:126-175
69            android:authorities="com.samp.online.provider"
69-->src\main\AndroidManifest.xml:45:19-65
70            android:exported="false"
70-->src\main\AndroidManifest.xml:45:66-90
71            android:grantUriPermissions="true" >
71-->src\main\AndroidManifest.xml:45:91-125
72            <meta-data
72-->src\main\AndroidManifest.xml:46:13-115
73                android:name="android.support.FILE_PROVIDER_PATHS"
73-->src\main\AndroidManifest.xml:46:24-74
74                android:resource="@xml/provider_paths" />
74-->src\main\AndroidManifest.xml:46:75-113
75        </provider>
76
77        <activity
77-->src\main\AndroidManifest.xml:48:9-340
78            android:name="com.samp.online.core.GTASA"
78-->src\main\AndroidManifest.xml:48:162-188
79            android:configChanges="keyboard|keyboardHidden|orientation|screenSize|uiMode"
79-->src\main\AndroidManifest.xml:48:19-96
80            android:label="@string/app_name"
80-->src\main\AndroidManifest.xml:48:97-129
81            android:launchMode="singleTask"
81-->src\main\AndroidManifest.xml:48:130-161
82            android:screenOrientation="landscape"
82-->src\main\AndroidManifest.xml:48:189-226
83            android:theme="@style/Theme.AppCompat.Light.NoActionBar.FullScreen"
83-->src\main\AndroidManifest.xml:48:227-294
84            android:windowSoftInputMode="adjustNothing" />
84-->src\main\AndroidManifest.xml:48:295-338
85        <activity
85-->src\main\AndroidManifest.xml:49:9-51:15
86            android:name="com.samp.online.launcher.activities.MainActivity"
86-->src\main\AndroidManifest.xml:50:13-61
87            android:screenOrientation="landscape" />
87-->src\main\AndroidManifest.xml:50:62-99
88        <activity
88-->src\main\AndroidManifest.xml:52:9-112
89            android:name="com.samp.online.launcher.activities.DownloadActivity"
89-->src\main\AndroidManifest.xml:52:19-71
90            android:screenOrientation="landscape" />
90-->src\main\AndroidManifest.xml:52:72-109
91        <activity
91-->src\main\AndroidManifest.xml:53:9-58:17
92            android:name="com.samp.online.launcher.activities.SplashActivity"
92-->src\main\AndroidManifest.xml:53:66-116
93            android:configChanges="orientation|screenSize"
93-->src\main\AndroidManifest.xml:53:19-65
94            android:screenOrientation="landscape" >
94-->src\main\AndroidManifest.xml:53:117-154
95            <intent-filter>
95-->src\main\AndroidManifest.xml:54:10-57:29
96                <action android:name="android.intent.action.MAIN" />
96-->src\main\AndroidManifest.xml:55:17-68
96-->src\main\AndroidManifest.xml:55:25-66
97
98                <category android:name="android.intent.category.LAUNCHER" />
98-->src\main\AndroidManifest.xml:56:17-76
98-->src\main\AndroidManifest.xml:56:27-74
99            </intent-filter>
100        </activity>
101
102        <service
102-->src\main\AndroidManifest.xml:59:9-63:19
103            android:name="com.samp.online.launcher.network.FirebaseMessageReceiver"
103-->src\main\AndroidManifest.xml:59:18-74
104            android:exported="false" >
104-->src\main\AndroidManifest.xml:59:75-99
105            <intent-filter>
105-->src\main\AndroidManifest.xml:60:13-62:29
106                <action android:name="com.google.firebase.MESSAGING_EVENT" />
106-->src\main\AndroidManifest.xml:61:17-77
106-->src\main\AndroidManifest.xml:61:25-75
107            </intent-filter>
108        </service>
109
110        <meta-data
110-->src\main\AndroidManifest.xml:64:9-75
111            android:name="android.max_aspect"
111-->src\main\AndroidManifest.xml:64:20-53
112            android:value="2.1" />
112-->src\main\AndroidManifest.xml:64:54-73
113
114        <activity
114-->[pub.devrel:easypermissions:3.0.0] AndroidManifest.xml:12:9-16:66
115            android:name="pub.devrel.easypermissions.AppSettingsDialogHolderActivity"
115-->[pub.devrel:easypermissions:3.0.0] AndroidManifest.xml:13:13-86
116            android:exported="false"
116-->[pub.devrel:easypermissions:3.0.0] AndroidManifest.xml:14:13-37
117            android:label=""
117-->[pub.devrel:easypermissions:3.0.0] AndroidManifest.xml:15:13-29
118            android:theme="@style/EasyPermissions.Transparent" />
118-->[pub.devrel:easypermissions:3.0.0] AndroidManifest.xml:16:13-63
119        <activity
119-->[com.google.firebase:firebase-auth:22.3.0] AndroidManifest.xml:29:9-46:20
120            android:name="com.google.firebase.auth.internal.GenericIdpActivity"
120-->[com.google.firebase:firebase-auth:22.3.0] AndroidManifest.xml:30:13-80
121            android:excludeFromRecents="true"
121-->[com.google.firebase:firebase-auth:22.3.0] AndroidManifest.xml:31:13-46
122            android:exported="true"
122-->[com.google.firebase:firebase-auth:22.3.0] AndroidManifest.xml:32:13-36
123            android:launchMode="singleTask"
123-->[com.google.firebase:firebase-auth:22.3.0] AndroidManifest.xml:33:13-44
124            android:theme="@android:style/Theme.Translucent.NoTitleBar" >
124-->[com.google.firebase:firebase-auth:22.3.0] AndroidManifest.xml:34:13-72
125            <intent-filter>
125-->[com.google.firebase:firebase-auth:22.3.0] AndroidManifest.xml:35:13-45:29
126                <action android:name="android.intent.action.VIEW" />
126-->[com.google.firebase:firebase-auth:22.3.0] AndroidManifest.xml:36:17-69
126-->[com.google.firebase:firebase-auth:22.3.0] AndroidManifest.xml:36:25-66
127
128                <category android:name="android.intent.category.DEFAULT" />
128-->[com.google.firebase:firebase-auth:22.3.0] AndroidManifest.xml:38:17-76
128-->[com.google.firebase:firebase-auth:22.3.0] AndroidManifest.xml:38:27-73
129                <category android:name="android.intent.category.BROWSABLE" />
129-->[com.google.firebase:firebase-auth:22.3.0] AndroidManifest.xml:39:17-78
129-->[com.google.firebase:firebase-auth:22.3.0] AndroidManifest.xml:39:27-75
130
131                <data
131-->[com.google.firebase:firebase-auth:22.3.0] AndroidManifest.xml:41:17-44:51
132                    android:host="firebase.auth"
132-->[com.google.firebase:firebase-auth:22.3.0] AndroidManifest.xml:42:21-49
133                    android:path="/"
133-->[com.google.firebase:firebase-auth:22.3.0] AndroidManifest.xml:43:21-37
134                    android:scheme="genericidp" />
134-->[com.google.firebase:firebase-auth:22.3.0] AndroidManifest.xml:44:21-48
135            </intent-filter>
136        </activity>
137        <activity
137-->[com.google.firebase:firebase-auth:22.3.0] AndroidManifest.xml:47:9-64:20
138            android:name="com.google.firebase.auth.internal.RecaptchaActivity"
138-->[com.google.firebase:firebase-auth:22.3.0] AndroidManifest.xml:48:13-79
139            android:excludeFromRecents="true"
139-->[com.google.firebase:firebase-auth:22.3.0] AndroidManifest.xml:49:13-46
140            android:exported="true"
140-->[com.google.firebase:firebase-auth:22.3.0] AndroidManifest.xml:50:13-36
141            android:launchMode="singleTask"
141-->[com.google.firebase:firebase-auth:22.3.0] AndroidManifest.xml:51:13-44
142            android:theme="@android:style/Theme.Translucent.NoTitleBar" >
142-->[com.google.firebase:firebase-auth:22.3.0] AndroidManifest.xml:52:13-72
143            <intent-filter>
143-->[com.google.firebase:firebase-auth:22.3.0] AndroidManifest.xml:53:13-63:29
144                <action android:name="android.intent.action.VIEW" />
144-->[com.google.firebase:firebase-auth:22.3.0] AndroidManifest.xml:36:17-69
144-->[com.google.firebase:firebase-auth:22.3.0] AndroidManifest.xml:36:25-66
145
146                <category android:name="android.intent.category.DEFAULT" />
146-->[com.google.firebase:firebase-auth:22.3.0] AndroidManifest.xml:38:17-76
146-->[com.google.firebase:firebase-auth:22.3.0] AndroidManifest.xml:38:27-73
147                <category android:name="android.intent.category.BROWSABLE" />
147-->[com.google.firebase:firebase-auth:22.3.0] AndroidManifest.xml:39:17-78
147-->[com.google.firebase:firebase-auth:22.3.0] AndroidManifest.xml:39:27-75
148
149                <data
149-->[com.google.firebase:firebase-auth:22.3.0] AndroidManifest.xml:41:17-44:51
150                    android:host="firebase.auth"
150-->[com.google.firebase:firebase-auth:22.3.0] AndroidManifest.xml:42:21-49
151                    android:path="/"
151-->[com.google.firebase:firebase-auth:22.3.0] AndroidManifest.xml:43:21-37
152                    android:scheme="recaptcha" />
152-->[com.google.firebase:firebase-auth:22.3.0] AndroidManifest.xml:44:21-48
153            </intent-filter>
154        </activity>
155
156        <service
156-->[com.google.firebase:firebase-auth:22.3.0] AndroidManifest.xml:66:9-72:19
157            android:name="com.google.firebase.components.ComponentDiscoveryService"
157-->[com.google.firebase:firebase-auth:22.3.0] AndroidManifest.xml:67:13-84
158            android:directBootAware="true"
158-->[com.google.firebase:firebase-common:21.0.0] AndroidManifest.xml:32:13-43
159            android:exported="false" >
159-->[com.google.firebase:firebase-auth:22.3.0] AndroidManifest.xml:68:13-37
160            <meta-data
160-->[com.google.firebase:firebase-auth:22.3.0] AndroidManifest.xml:69:13-71:85
161                android:name="com.google.firebase.components:com.google.firebase.auth.FirebaseAuthRegistrar"
161-->[com.google.firebase:firebase-auth:22.3.0] AndroidManifest.xml:70:17-109
162                android:value="com.google.firebase.components.ComponentRegistrar" />
162-->[com.google.firebase:firebase-auth:22.3.0] AndroidManifest.xml:71:17-82
163            <meta-data
163-->[com.google.firebase:firebase-messaging:23.3.1] AndroidManifest.xml:57:13-59:85
164                android:name="com.google.firebase.components:com.google.firebase.messaging.FirebaseMessagingKtxRegistrar"
164-->[com.google.firebase:firebase-messaging:23.3.1] AndroidManifest.xml:58:17-122
165                android:value="com.google.firebase.components.ComponentRegistrar" />
165-->[com.google.firebase:firebase-messaging:23.3.1] AndroidManifest.xml:59:17-82
166            <meta-data
166-->[com.google.firebase:firebase-messaging:23.3.1] AndroidManifest.xml:60:13-62:85
167                android:name="com.google.firebase.components:com.google.firebase.messaging.FirebaseMessagingRegistrar"
167-->[com.google.firebase:firebase-messaging:23.3.1] AndroidManifest.xml:61:17-119
168                android:value="com.google.firebase.components.ComponentRegistrar" />
168-->[com.google.firebase:firebase-messaging:23.3.1] AndroidManifest.xml:62:17-82
169            <meta-data
169-->[com.google.firebase:firebase-database:20.3.0] AndroidManifest.xml:29:13-31:85
170                android:name="com.google.firebase.components:com.google.firebase.database.FirebaseDatabaseKtxRegistrar"
170-->[com.google.firebase:firebase-database:20.3.0] AndroidManifest.xml:30:17-120
171                android:value="com.google.firebase.components.ComponentRegistrar" />
171-->[com.google.firebase:firebase-database:20.3.0] AndroidManifest.xml:31:17-82
172            <meta-data
172-->[com.google.firebase:firebase-database:20.3.0] AndroidManifest.xml:32:13-34:85
173                android:name="com.google.firebase.components:com.google.firebase.database.DatabaseRegistrar"
173-->[com.google.firebase:firebase-database:20.3.0] AndroidManifest.xml:33:17-109
174                android:value="com.google.firebase.components.ComponentRegistrar" />
174-->[com.google.firebase:firebase-database:20.3.0] AndroidManifest.xml:34:17-82
175            <meta-data
175-->[com.google.firebase:firebase-firestore:25.1.0] AndroidManifest.xml:17:13-19:85
176                android:name="com.google.firebase.components:com.google.firebase.firestore.FirebaseFirestoreKtxRegistrar"
176-->[com.google.firebase:firebase-firestore:25.1.0] AndroidManifest.xml:18:17-122
177                android:value="com.google.firebase.components.ComponentRegistrar" />
177-->[com.google.firebase:firebase-firestore:25.1.0] AndroidManifest.xml:19:17-82
178            <meta-data
178-->[com.google.firebase:firebase-firestore:25.1.0] AndroidManifest.xml:20:13-22:85
179                android:name="com.google.firebase.components:com.google.firebase.firestore.FirestoreRegistrar"
179-->[com.google.firebase:firebase-firestore:25.1.0] AndroidManifest.xml:21:17-111
180                android:value="com.google.firebase.components.ComponentRegistrar" />
180-->[com.google.firebase:firebase-firestore:25.1.0] AndroidManifest.xml:22:17-82
181            <meta-data
181-->[com.google.firebase:firebase-crashlytics-ndk:18.2.0] AndroidManifest.xml:35:13-37:85
182                android:name="com.google.firebase.components:com.google.firebase.crashlytics.ndk.CrashlyticsNdkRegistrar"
182-->[com.google.firebase:firebase-crashlytics-ndk:18.2.0] AndroidManifest.xml:36:17-122
183                android:value="com.google.firebase.components.ComponentRegistrar" />
183-->[com.google.firebase:firebase-crashlytics-ndk:18.2.0] AndroidManifest.xml:37:17-82
184            <meta-data
184-->[com.google.firebase:firebase-crashlytics:18.2.0] AndroidManifest.xml:18:13-20:85
185                android:name="com.google.firebase.components:com.google.firebase.crashlytics.CrashlyticsRegistrar"
185-->[com.google.firebase:firebase-crashlytics:18.2.0] AndroidManifest.xml:19:17-115
186                android:value="com.google.firebase.components.ComponentRegistrar" />
186-->[com.google.firebase:firebase-crashlytics:18.2.0] AndroidManifest.xml:20:17-82
187            <meta-data
187-->[com.google.android.gms:play-services-measurement-api:21.1.1] AndroidManifest.xml:31:13-33:85
188                android:name="com.google.firebase.components:com.google.firebase.analytics.connector.internal.AnalyticsConnectorRegistrar"
188-->[com.google.android.gms:play-services-measurement-api:21.1.1] AndroidManifest.xml:32:17-139
189                android:value="com.google.firebase.components.ComponentRegistrar" />
189-->[com.google.android.gms:play-services-measurement-api:21.1.1] AndroidManifest.xml:33:17-82
190            <meta-data
190-->[com.google.firebase:firebase-installations:17.2.0] AndroidManifest.xml:15:13-17:85
191                android:name="com.google.firebase.components:com.google.firebase.installations.FirebaseInstallationsKtxRegistrar"
191-->[com.google.firebase:firebase-installations:17.2.0] AndroidManifest.xml:16:17-130
192                android:value="com.google.firebase.components.ComponentRegistrar" />
192-->[com.google.firebase:firebase-installations:17.2.0] AndroidManifest.xml:17:17-82
193            <meta-data
193-->[com.google.firebase:firebase-installations:17.2.0] AndroidManifest.xml:18:13-20:85
194                android:name="com.google.firebase.components:com.google.firebase.installations.FirebaseInstallationsRegistrar"
194-->[com.google.firebase:firebase-installations:17.2.0] AndroidManifest.xml:19:17-127
195                android:value="com.google.firebase.components.ComponentRegistrar" />
195-->[com.google.firebase:firebase-installations:17.2.0] AndroidManifest.xml:20:17-82
196            <meta-data
196-->[com.google.firebase:firebase-common-ktx:21.0.0] AndroidManifest.xml:12:13-14:85
197                android:name="com.google.firebase.components:com.google.firebase.ktx.FirebaseCommonLegacyRegistrar"
197-->[com.google.firebase:firebase-common-ktx:21.0.0] AndroidManifest.xml:13:17-116
198                android:value="com.google.firebase.components.ComponentRegistrar" />
198-->[com.google.firebase:firebase-common-ktx:21.0.0] AndroidManifest.xml:14:17-82
199            <meta-data
199-->[com.google.firebase:firebase-common:21.0.0] AndroidManifest.xml:35:13-37:85
200                android:name="com.google.firebase.components:com.google.firebase.FirebaseCommonKtxRegistrar"
200-->[com.google.firebase:firebase-common:21.0.0] AndroidManifest.xml:36:17-109
201                android:value="com.google.firebase.components.ComponentRegistrar" />
201-->[com.google.firebase:firebase-common:21.0.0] AndroidManifest.xml:37:17-82
202            <meta-data
202-->[com.google.firebase:firebase-datatransport:18.1.7] AndroidManifest.xml:27:13-29:85
203                android:name="com.google.firebase.components:com.google.firebase.datatransport.TransportRegistrar"
203-->[com.google.firebase:firebase-datatransport:18.1.7] AndroidManifest.xml:28:17-115
204                android:value="com.google.firebase.components.ComponentRegistrar" />
204-->[com.google.firebase:firebase-datatransport:18.1.7] AndroidManifest.xml:29:17-82
205        </service>
206
207        <receiver
207-->[com.google.firebase:firebase-messaging:23.3.1] AndroidManifest.xml:29:9-40:20
208            android:name="com.google.firebase.iid.FirebaseInstanceIdReceiver"
208-->[com.google.firebase:firebase-messaging:23.3.1] AndroidManifest.xml:30:13-78
209            android:exported="true"
209-->[com.google.firebase:firebase-messaging:23.3.1] AndroidManifest.xml:31:13-36
210            android:permission="com.google.android.c2dm.permission.SEND" >
210-->[com.google.firebase:firebase-messaging:23.3.1] AndroidManifest.xml:32:13-73
211            <intent-filter>
211-->[com.google.firebase:firebase-messaging:23.3.1] AndroidManifest.xml:33:13-35:29
212                <action android:name="com.google.android.c2dm.intent.RECEIVE" />
212-->[com.google.firebase:firebase-messaging:23.3.1] AndroidManifest.xml:34:17-81
212-->[com.google.firebase:firebase-messaging:23.3.1] AndroidManifest.xml:34:25-78
213            </intent-filter>
214
215            <meta-data
215-->[com.google.firebase:firebase-messaging:23.3.1] AndroidManifest.xml:37:13-39:40
216                android:name="com.google.android.gms.cloudmessaging.FINISHED_AFTER_HANDLED"
216-->[com.google.firebase:firebase-messaging:23.3.1] AndroidManifest.xml:38:17-92
217                android:value="true" />
217-->[com.google.firebase:firebase-messaging:23.3.1] AndroidManifest.xml:39:17-37
218        </receiver>
219        <!--
220             FirebaseMessagingService performs security checks at runtime,
221             but set to not exported to explicitly avoid allowing another app to call it.
222        -->
223        <service
223-->[com.google.firebase:firebase-messaging:23.3.1] AndroidManifest.xml:46:9-53:19
224            android:name="com.google.firebase.messaging.FirebaseMessagingService"
224-->[com.google.firebase:firebase-messaging:23.3.1] AndroidManifest.xml:47:13-82
225            android:directBootAware="true"
225-->[com.google.firebase:firebase-messaging:23.3.1] AndroidManifest.xml:48:13-43
226            android:exported="false" >
226-->[com.google.firebase:firebase-messaging:23.3.1] AndroidManifest.xml:49:13-37
227            <intent-filter android:priority="-500" >
227-->src\main\AndroidManifest.xml:60:13-62:29
228                <action android:name="com.google.firebase.MESSAGING_EVENT" />
228-->src\main\AndroidManifest.xml:61:17-77
228-->src\main\AndroidManifest.xml:61:25-75
229            </intent-filter>
230        </service> <!-- Yandex Mobile Metrica Analytics: common service -->
231        <service
231-->[com.yandex.android:mobmetricalib:5.0.0] AndroidManifest.xml:28:9-44:19
232            android:name="com.yandex.metrica.MetricaService"
232-->[com.yandex.android:mobmetricalib:5.0.0] AndroidManifest.xml:29:13-61
233            android:enabled="true"
233-->[com.yandex.android:mobmetricalib:5.0.0] AndroidManifest.xml:30:13-35
234            android:exported="false"
234-->[com.yandex.android:mobmetricalib:5.0.0] AndroidManifest.xml:31:13-37
235            android:process=":Metrica" >
235-->[com.yandex.android:mobmetricalib:5.0.0] AndroidManifest.xml:32:13-39
236            <intent-filter>
236-->[com.yandex.android:mobmetricalib:5.0.0] AndroidManifest.xml:33:13-39:29
237                <category android:name="android.intent.category.DEFAULT" />
237-->[com.google.firebase:firebase-auth:22.3.0] AndroidManifest.xml:38:17-76
237-->[com.google.firebase:firebase-auth:22.3.0] AndroidManifest.xml:38:27-73
238
239                <action android:name="com.yandex.metrica.IMetricaService" />
239-->[com.yandex.android:mobmetricalib:5.0.0] AndroidManifest.xml:36:17-77
239-->[com.yandex.android:mobmetricalib:5.0.0] AndroidManifest.xml:36:25-74
240
241                <data android:scheme="metrica" />
241-->[com.google.firebase:firebase-auth:22.3.0] AndroidManifest.xml:41:17-44:51
241-->[com.google.firebase:firebase-auth:22.3.0] AndroidManifest.xml:44:21-48
242            </intent-filter>
243
244            <meta-data
244-->[com.yandex.android:mobmetricalib:5.0.0] AndroidManifest.xml:41:13-43:39
245                android:name="metrica:api:level"
245-->[com.yandex.android:mobmetricalib:5.0.0] AndroidManifest.xml:42:17-49
246                android:value="105" />
246-->[com.yandex.android:mobmetricalib:5.0.0] AndroidManifest.xml:43:17-36
247        </service>
248        <service
248-->[com.yandex.android:mobmetricalib:5.0.0] AndroidManifest.xml:45:9-59:19
249            android:name="com.yandex.metrica.ConfigurationService"
249-->[com.yandex.android:mobmetricalib:5.0.0] AndroidManifest.xml:46:13-67
250            android:enabled="true"
250-->[com.yandex.android:mobmetricalib:5.0.0] AndroidManifest.xml:47:13-35
251            android:exported="false"
251-->[com.yandex.android:mobmetricalib:5.0.0] AndroidManifest.xml:48:13-37
252            android:process=":Metrica" >
252-->[com.yandex.android:mobmetricalib:5.0.0] AndroidManifest.xml:49:13-39
253            <meta-data
253-->[com.yandex.android:mobmetricalib:5.0.0] AndroidManifest.xml:50:13-52:37
254                android:name="metrica:configuration:api:level"
254-->[com.yandex.android:mobmetricalib:5.0.0] AndroidManifest.xml:51:17-63
255                android:value="3" />
255-->[com.yandex.android:mobmetricalib:5.0.0] AndroidManifest.xml:52:17-34
256
257            <intent-filter>
257-->[com.yandex.android:mobmetricalib:5.0.0] AndroidManifest.xml:54:13-58:29
258
259                <!-- <action android:name="com.yandex.metrica.configuration.ACTION_START"/> -->
260                <action android:name="com.yandex.metrica.configuration.ACTION_INIT" />
260-->[com.yandex.android:mobmetricalib:5.0.0] AndroidManifest.xml:57:17-87
260-->[com.yandex.android:mobmetricalib:5.0.0] AndroidManifest.xml:57:25-84
261            </intent-filter>
262        </service>
263        <service
263-->[com.yandex.android:mobmetricalib:5.0.0] AndroidManifest.xml:60:9-66:19
264            android:name="com.yandex.metrica.ConfigurationJobService"
264-->[com.yandex.android:mobmetricalib:5.0.0] AndroidManifest.xml:61:13-70
265            android:enabled="true"
265-->[com.yandex.android:mobmetricalib:5.0.0] AndroidManifest.xml:62:13-35
266            android:exported="false"
266-->[com.yandex.android:mobmetricalib:5.0.0] AndroidManifest.xml:63:13-37
267            android:permission="android.permission.BIND_JOB_SERVICE"
267-->[com.yandex.android:mobmetricalib:5.0.0] AndroidManifest.xml:64:13-69
268            android:process=":Metrica" >